h:\csc473\animation\report\computeranimationtemplate2019\anim\debug\vc142.pdb
h:\csc473\animation\report\computeranimationtemplate2019\anim\debug\vc142.idb
h:\csc473\animation\report\computeranimationtemplate2019\anim\debug\anim.obj
h:\csc473\animation\report\computeranimationtemplate2019\anim\debug\animtcl.obj
h:\csc473\animation\report\computeranimationtemplate2019\anim\debug\baseobject.obj
h:\csc473\animation\report\computeranimationtemplate2019\anim\debug\basesimulator.obj
h:\csc473\animation\report\computeranimationtemplate2019\anim\debug\globalresourcemanager.obj
h:\csc473\animation\report\computeranimationtemplate2019\anim\debug\globules.obj
h:\csc473\animation\report\computeranimationtemplate2019\anim\debug\globulesim.obj
h:\csc473\animation\report\computeranimationtemplate2019\anim\debug\myscene.obj
h:\csc473\animation\report\computeranimationtemplate2019\anim\debug\resourcemanager.obj
h:\csc473\animation\report\computeranimationtemplate2019\anim\debug\samplegravitysimulator.obj
h:\csc473\animation\report\computeranimationtemplate2019\anim\debug\sampleparticle.obj
h:\csc473\animation\report\computeranimationtemplate2019\anim\debug\basesystem.obj
h:\csc473\animation\report\computeranimationtemplate2019\build\anim.exe
h:\csc473\animation\report\computeranimationtemplate2019\build\anim.ilk
h:\csc473\animation\report\computeranimationtemplate2019\build\animp.pdb
c:\users\leeovn\desktop\mygithub\animation\report\computeranimationtemplate2019\anim\debug\anim.obj
c:\users\leeovn\desktop\mygithub\animation\report\computeranimationtemplate2019\anim\debug\animtcl.obj
c:\users\leeovn\desktop\mygithub\animation\report\computeranimationtemplate2019\anim\debug\baseobject.obj
c:\users\leeovn\desktop\mygithub\animation\report\computeranimationtemplate2019\anim\debug\basesimulator.obj
c:\users\leeovn\desktop\mygithub\animation\report\computeranimationtemplate2019\anim\debug\basesystem.obj
c:\users\leeovn\desktop\mygithub\animation\report\computeranimationtemplate2019\anim\debug\globalresourcemanager.obj
c:\users\leeovn\desktop\mygithub\animation\report\computeranimationtemplate2019\anim\debug\globules.obj
c:\users\leeovn\desktop\mygithub\animation\report\computeranimationtemplate2019\anim\debug\globulesim.obj
c:\users\leeovn\desktop\mygithub\animation\report\computeranimationtemplate2019\anim\debug\myscene.obj
c:\users\leeovn\desktop\mygithub\animation\report\computeranimationtemplate2019\anim\debug\resourcemanager.obj
c:\users\leeovn\desktop\mygithub\animation\report\computeranimationtemplate2019\anim\debug\samplegravitysimulator.obj
c:\users\leeovn\desktop\mygithub\animation\report\computeranimationtemplate2019\anim\debug\sampleparticle.obj
c:\users\leeovn\desktop\mygithub\animation\report\computeranimationtemplate2019\anim\debug\vc142.idb
c:\users\leeovn\desktop\mygithub\animation\report\computeranimationtemplate2019\anim\debug\vc142.pdb
c:\users\leeovn\desktop\mygithub\animation\report\computeranimationtemplate2019\build\anim.exe
c:\users\leeovn\desktop\mygithub\animation\report\computeranimationtemplate2019\anim\debug\anim.tlog\cl.command.1.tlog
c:\users\leeovn\desktop\mygithub\animation\report\computeranimationtemplate2019\anim\debug\anim.tlog\cl.read.1.tlog
c:\users\leeovn\desktop\mygithub\animation\report\computeranimationtemplate2019\anim\debug\anim.tlog\cl.write.1.tlog
c:\users\leeovn\desktop\mygithub\animation\report\computeranimationtemplate2019\anim\debug\anim.tlog\link.14592.delete.1.tlog
c:\users\leeovn\desktop\mygithub\animation\report\computeranimationtemplate2019\anim\debug\anim.tlog\link.17296.delete.1.tlog
c:\users\leeovn\desktop\mygithub\animation\report\computeranimationtemplate2019\anim\debug\anim.tlog\link.command.1.tlog
c:\users\leeovn\desktop\mygithub\animation\report\computeranimationtemplate2019\anim\debug\anim.tlog\link.delete.1.tlog
c:\users\leeovn\desktop\mygithub\animation\report\computeranimationtemplate2019\anim\debug\anim.tlog\link.read.1.tlog
c:\users\leeovn\desktop\mygithub\animation\report\computeranimationtemplate2019\anim\debug\anim.tlog\link.write.1.tlog
